[debug] [2023-08-13T06:34:38.975Z] ----------------------------------------------------------------------
[debug] [2023-08-13T06:34:38.979Z] Command:       C:\Program Files\nodejs\node.exe C:\Users\p\AppData\Roaming\npm\node_modules\firebase-tools\lib\bin\firebase.js deploy
[debug] [2023-08-13T06:34:38.980Z] CLI Version:   12.4.0
[debug] [2023-08-13T06:34:38.980Z] Platform:      win32
[debug] [2023-08-13T06:34:38.981Z] Node Version:  v18.16.0
[debug] [2023-08-13T06:34:38.982Z] Time:          Sun Aug 13 2023 11:34:38 GMT+0500 (Pakistan Standard Time)
[debug] [2023-08-13T06:34:38.982Z] ----------------------------------------------------------------------
[debug] 
[debug] [2023-08-13T06:34:39.086Z] > command requires scopes: ["email","openid","https://www.googleapis.com/auth/cloudplatformprojects.readonly","https://www.googleapis.com/auth/firebase","https://www.googleapis.com/auth/cloud-platform"]
[debug] [2023-08-13T06:34:39.087Z] > authorizing via signed-in user (syedaoonhussain@gmail.com)
[debug] [2023-08-13T06:34:39.087Z] [iam] checking project mytiktaki for permissions ["firebase.projects.get","firebasehosting.sites.update"]
[debug] [2023-08-13T06:34:39.090Z] >>> [apiv2][query] POST https://cloudresourcemanager.googleapis.com/v1/projects/mytiktaki:testIamPermissions [none]
[debug] [2023-08-13T06:34:39.091Z] >>> [apiv2][(partial)header] POST https://cloudresourcemanager.googleapis.com/v1/projects/mytiktaki:testIamPermissions x-goog-quota-user=projects/mytiktaki
[debug] [2023-08-13T06:34:39.091Z] >>> [apiv2][body] POST https://cloudresourcemanager.googleapis.com/v1/projects/mytiktaki:testIamPermissions {"permissions":["firebase.projects.get","firebasehosting.sites.update"]}
[debug] [2023-08-13T06:34:41.222Z] <<< [apiv2][status] POST https://cloudresourcemanager.googleapis.com/v1/projects/mytiktaki:testIamPermissions 200
[debug] [2023-08-13T06:34:41.223Z] <<< [apiv2][body] POST https://cloudresourcemanager.googleapis.com/v1/projects/mytiktaki:testIamPermissions {"permissions":["firebase.projects.get","firebasehosting.sites.update"]}
[debug] [2023-08-13T06:34:41.225Z] >>> [apiv2][query] GET https://firebase.googleapis.com/v1beta1/projects/mytiktaki [none]
[debug] [2023-08-13T06:34:42.153Z] <<< [apiv2][status] GET https://firebase.googleapis.com/v1beta1/projects/mytiktaki 200
[debug] [2023-08-13T06:34:42.154Z] <<< [apiv2][body] GET https://firebase.googleapis.com/v1beta1/projects/mytiktaki {"projectId":"mytiktaki","projectNumber":"562541767464","displayName":"mutiktaki","name":"projects/mytiktaki","resources":{"hostingSite":"mytiktaki"},"state":"ACTIVE","etag":"1_87ce9f3a-a463-4958-a48d-40dd4cf600fa"}
[info] 
   Thank you for trying our early preview of Next.js support on Firebase Hosting.
   During the preview, support is best-effort and breaking changes can be expected. Proceed with caution.

   Documentation: https://firebase.google.com/docs/hosting/frameworks/nextjs
   File a bug: https://github.com/firebase/firebase-tools/issues/new?template=bug_report.md
   Submit a feature request: https://github.com/firebase/firebase-tools/issues/new?template=feature_request.md

   We'd love to learn from you. Express your interest in helping us shape the future of Firebase Hosting: https://goo.gle/41enW5X

[debug] [2023-08-13T06:36:00.529Z] Error: Unable to find the next dep, try NPM installing?
    at getConfig (C:\Users\p\AppData\Roaming\npm\node_modules\firebase-tools\lib\frameworks\next\index.js:382:19)
    at build (C:\Users\p\AppData\Roaming\npm\node_modules\firebase-tools\lib\frameworks\next\index.js:62:65)
    at process.processTicksAndRejections (node:internal/process/task_queues:95:5)
    at async prepareFrameworks (C:\Users\p\AppData\Roaming\npm\node_modules\firebase-tools\lib\frameworks\index.js:211:33)
    at async deploy (C:\Users\p\AppData\Roaming\npm\node_modules\firebase-tools\lib\deploy\index.js:55:13)
[error] 
[error] Error: An unexpected error has occurred.
